<?xml version="1.0" encoding="UTF-8"?>
<!-- Generated by org.testng.reporters.JUnitXMLReporter -->
<testsuite ignored="36" hostname="LAPTOP-E06RK7S2" failures="0" tests="21" name="Test" time="31.356" errors="0" timestamp="2022-10-21T01:51:14 EDT">
  <testcase classname="com.DotDashcom.testCases.IFrameTest" name="frametest" time="1.362"/>
  <testcase classname="com.DotDashcom.testCases.DynamicControlsTest" name="dynamic_checkbox" time="6.918"/>
  <testcase classname="com.DotDashcom.testCases.DynamicControlsTest" name="dynamic_textbox" time="6.59"/>
  <testcase classname="com.DotDashcom.testCases.NewWindowTest" name="newwindow" time="0.363"/>
  <testcase classname="com.DotDashcom.testCases.RefreshTest" name="refresh" time="0.589"/>
  <testcase classname="com.DotDashcom.testCases.InvalidLoginTestCase" name="Failure_login" time="1.342"/>
  <testcase classname="com.DotDashcom.testCases.JavaScriptErrorsTest" name="OnloadError" time="0.253"/>
  <testcase classname="com.DotDashcom.testCases.JavaScriptAlertTest" name="alerts" time="0.741"/>
  <testcase classname="com.DotDashcom.testCases.ContextMenutest" name="right_click" time="0.559"/>
  <testcase classname="com.DotDashcom.testCases.FloatingMenuTest" name="floatingmenu" time="0.515"/>
  <testcase classname="com.DotDashcom.testCases.MouseHoverTest" name="hover" time="0.93"/>
  <testcase classname="com.DotDashcom.testCases.DragandDropTest" name="drag_drop" time="0.652"/>
  <testcase classname="com.DotDashcom.testCases.ValidLoginTestCase" name="success_logintest" time="0.877"/>
  <testcase classname="com.DotDashcom.testCases.FileUploadTest" name="Upload" time="0.576"/>
  <testcase classname="com.DotDashcom.testCases.FileDownloadTest" name="download" time="0.222"/>
  <testcase classname="com.DotDashcom.testCases.DropdownTest" name="dropdown" time="0.946"/>
  <testcase classname="com.DotDashcom.testCases.NotificationMessageTest" name="successnotificationmsg" time="0.583"/>
  <testcase classname="com.DotDashcom.testCases.NotificationMessageTest" name="unsuccessnotificationmsg" time="1.021"/>
  <testcase classname="com.DotDashcom.testCases.DynamicLoadingTest" name="dynamic_loading" time="5.552"/>
  <testcase classname="com.DotDashcom.testCases.CheckBoxesTest" name="checks_test" time="0.28"/>
  <testcase classname="com.DotDashcom.testCases.CheckBoxesTest" name="unchecks_test" time="0.182"/>
  <testcase classname="com.DotDashcom.testCases.BaseClass" name="@BeforeSuite setup" time="0.0">
    <ignored/>
  </testcase> <!-- @BeforeSuite setup -->
  <testcase classname="com.DotDashcom.testCases.BaseClass" name="@AfterSuite tearDown" time="0.0">
    <ignored/>
  </testcase> <!-- @AfterSuite tearDown -->
  <testcase classname="com.DotDashcom.testCases.BaseClass" name="@BeforeSuite setup" time="0.0">
    <ignored/>
  </testcase> <!-- @BeforeSuite setup -->
  <testcase classname="com.DotDashcom.testCases.BaseClass" name="@BeforeSuite setup" time="0.0">
    <ignored/>
  </testcase> <!-- @BeforeSuite setup -->
  <testcase classname="com.DotDashcom.testCases.BaseClass" name="@AfterSuite tearDown" time="0.0">
    <ignored/>
  </testcase> <!-- @AfterSuite tearDown -->
  <testcase classname="com.DotDashcom.testCases.BaseClass" name="@AfterSuite tearDown" time="0.0">
    <ignored/>
  </testcase> <!-- @AfterSuite tearDown -->
  <testcase classname="com.DotDashcom.testCases.BaseClass" name="@BeforeSuite setup" time="0.0">
    <ignored/>
  </testcase> <!-- @BeforeSuite setup -->
  <testcase classname="com.DotDashcom.testCases.BaseClass" name="@AfterSuite tearDown" time="0.0">
    <ignored/>
  </testcase> <!-- @AfterSuite tearDown -->
  <testcase classname="com.DotDashcom.testCases.BaseClass" name="@BeforeSuite setup" time="0.0">
    <ignored/>
  </testcase> <!-- @BeforeSuite setup -->
  <testcase classname="com.DotDashcom.testCases.BaseClass" name="@BeforeSuite setup" time="0.0">
    <ignored/>
  </testcase> <!-- @BeforeSuite setup -->
  <testcase classname="com.DotDashcom.testCases.BaseClass" name="@BeforeSuite setup" time="0.0">
    <ignored/>
  </testcase> <!-- @BeforeSuite setup -->
  <testcase classname="com.DotDashcom.testCases.BaseClass" name="@AfterSuite tearDown" time="0.0">
    <ignored/>
  </testcase> <!-- @AfterSuite tearDown -->
  <testcase classname="com.DotDashcom.testCases.BaseClass" name="@BeforeSuite setup" time="0.0">
    <ignored/>
  </testcase> <!-- @BeforeSuite setup -->
  <testcase classname="com.DotDashcom.testCases.BaseClass" name="@BeforeSuite setup" time="0.0">
    <ignored/>
  </testcase> <!-- @BeforeSuite setup -->
  <testcase classname="com.DotDashcom.testCases.BaseClass" name="@AfterSuite tearDown" time="0.0">
    <ignored/>
  </testcase> <!-- @AfterSuite tearDown -->
  <testcase classname="com.DotDashcom.testCases.BaseClass" name="@BeforeSuite setup" time="0.0">
    <ignored/>
  </testcase> <!-- @BeforeSuite setup -->
  <testcase classname="com.DotDashcom.testCases.BaseClass" name="@AfterSuite tearDown" time="0.0">
    <ignored/>
  </testcase> <!-- @AfterSuite tearDown -->
  <testcase classname="com.DotDashcom.testCases.BaseClass" name="@BeforeSuite setup" time="0.0">
    <ignored/>
  </testcase> <!-- @BeforeSuite setup -->
  <testcase classname="com.DotDashcom.testCases.BaseClass" name="@BeforeSuite setup" time="0.0">
    <ignored/>
  </testcase> <!-- @BeforeSuite setup -->
  <testcase classname="com.DotDashcom.testCases.BaseClass" name="@AfterSuite tearDown" time="0.0">
    <ignored/>
  </testcase> <!-- @AfterSuite tearDown -->
  <testcase classname="com.DotDashcom.testCases.BaseClass" name="@BeforeSuite setup" time="0.0">
    <ignored/>
  </testcase> <!-- @BeforeSuite setup -->
  <testcase classname="com.DotDashcom.testCases.BaseClass" name="@AfterSuite tearDown" time="0.0">
    <ignored/>
  </testcase> <!-- @AfterSuite tearDown -->
  <testcase classname="com.DotDashcom.testCases.BaseClass" name="@BeforeSuite setup" time="0.0">
    <ignored/>
  </testcase> <!-- @BeforeSuite setup -->
  <testcase classname="com.DotDashcom.testCases.BaseClass" name="@AfterSuite tearDown" time="0.0">
    <ignored/>
  </testcase> <!-- @AfterSuite tearDown -->
  <testcase classname="com.DotDashcom.testCases.BaseClass" name="@AfterSuite tearDown" time="0.0">
    <ignored/>
  </testcase> <!-- @AfterSuite tearDown -->
  <testcase classname="com.DotDashcom.testCases.BaseClass" name="@BeforeSuite setup" time="0.0">
    <ignored/>
  </testcase> <!-- @BeforeSuite setup -->
  <testcase classname="com.DotDashcom.testCases.BaseClass" name="@AfterSuite tearDown" time="0.0">
    <ignored/>
  </testcase> <!-- @AfterSuite tearDown -->
  <testcase classname="com.DotDashcom.testCases.BaseClass" name="@AfterSuite tearDown" time="0.0">
    <ignored/>
  </testcase> <!-- @AfterSuite tearDown -->
  <testcase classname="com.DotDashcom.testCases.BaseClass" name="@AfterSuite tearDown" time="0.0">
    <ignored/>
  </testcase> <!-- @AfterSuite tearDown -->
  <testcase classname="com.DotDashcom.testCases.BaseClass" name="@BeforeSuite setup" time="0.0">
    <ignored/>
  </testcase> <!-- @BeforeSuite setup -->
  <testcase classname="com.DotDashcom.testCases.BaseClass" name="@AfterSuite tearDown" time="0.0">
    <ignored/>
  </testcase> <!-- @AfterSuite tearDown -->
  <testcase classname="com.DotDashcom.testCases.BaseClass" name="@AfterSuite tearDown" time="0.0">
    <ignored/>
  </testcase> <!-- @AfterSuite tearDown -->
  <testcase classname="com.DotDashcom.testCases.BaseClass" name="@AfterSuite tearDown" time="0.0">
    <ignored/>
  </testcase> <!-- @AfterSuite tearDown -->
  <testcase classname="com.DotDashcom.testCases.BaseClass" name="@BeforeSuite setup" time="0.0">
    <ignored/>
  </testcase> <!-- @BeforeSuite setup -->
  <testcase classname="com.DotDashcom.testCases.BaseClass" name="@BeforeSuite setup" time="0.0">
    <ignored/>
  </testcase> <!-- @BeforeSuite setup -->
  <testcase classname="com.DotDashcom.testCases.BaseClass" name="@AfterSuite tearDown" time="0.0">
    <ignored/>
  </testcase> <!-- @AfterSuite tearDown -->
</testsuite> <!-- Test -->
